<?xml version="1.0" encoding="UTF-8"?>
<testng-results ignored="0" total="2" passed="2" failed="0" skipped="0">
  <reporter-output>
  </reporter-output>
  <suite started-at="2025-04-11T12:29:32 IST" name="Default suite" finished-at="2025-04-11T12:29:32 IST" duration-ms="54">
    <groups>
    </groups>
    <test started-at="2025-04-11T12:29:32 IST" name="Default test" finished-at="2025-04-11T12:29:32 IST" duration-ms="54">
      <class name="practice.TestNGDemo">
        <test-method is-config="true" signature="beforeSuite()[pri:0, instance:practice.TestNGDemo@7c0c77c7]" started-at="2025-04-11T12:29:32 IST" name="beforeSuite" finished-at="2025-04-11T12:29:32 IST" duration-ms="3" status="PASS">
          <reporter-output>
          </reporter-output>
        </test-method> <!-- beforeSuite -->
        <test-method is-config="true" signature="beforeTest()[pri:0, instance:practice.TestNGDemo@7c0c77c7]" started-at="2025-04-11T12:29:32 IST" name="beforeTest" finished-at="2025-04-11T12:29:32 IST" duration-ms="1" status="PASS">
          <reporter-output>
          </reporter-output>
        </test-method> <!-- beforeTest -->
        <test-method is-config="true" signature="beforeClass()[pri:0, instance:practice.TestNGDemo@7c0c77c7]" started-at="2025-04-11T12:29:32 IST" name="beforeClass" finished-at="2025-04-11T12:29:32 IST" duration-ms="1" status="PASS">
          <reporter-output>
          </reporter-output>
        </test-method> <!-- beforeClass -->
        <test-method signature="test1()[pri:0, instance:practice.TestNGDemo@7c0c77c7]" started-at="2025-04-11T12:29:32 IST" name="test1" finished-at="2025-04-11T12:29:32 IST" duration-ms="8" status="PASS">
          <reporter-output>
          </reporter-output>
        </test-method> <!-- test1 -->
        <test-method signature="test2()[pri:1, instance:practice.TestNGDemo@7c0c77c7]" started-at="2025-04-11T12:29:32 IST" name="test2" finished-at="2025-04-11T12:29:32 IST" duration-ms="1" status="PASS">
          <reporter-output>
          </reporter-output>
        </test-method> <!-- test2 -->
        <test-method is-config="true" signature="afterClass()[pri:0, instance:practice.TestNGDemo@7c0c77c7]" started-at="2025-04-11T12:29:32 IST" name="afterClass" finished-at="2025-04-11T12:29:32 IST" duration-ms="2" status="PASS">
          <reporter-output>
          </reporter-output>
        </test-method> <!-- afterClass -->
        <test-method is-config="true" signature="afterTest()[pri:0, instance:practice.TestNGDemo@7c0c77c7]" started-at="2025-04-11T12:29:32 IST" name="afterTest" finished-at="2025-04-11T12:29:32 IST" duration-ms="0" status="PASS">
          <reporter-output>
          </reporter-output>
        </test-method> <!-- afterTest -->
        <test-method is-config="true" signature="afterSuote()[pri:0, instance:practice.TestNGDemo@7c0c77c7]" started-at="2025-04-11T12:29:32 IST" name="afterSuote" finished-at="2025-04-11T12:29:32 IST" duration-ms="0" status="PASS">
          <reporter-output>
          </reporter-output>
        </test-method> <!-- afterSuote -->
      </class> <!-- practice.TestNGDemo -->
    </test> <!-- Default test -->
  </suite> <!-- Default suite -->
</testng-results>
